<?xml version="1.0" encoding="UTF-8"?>
<coverage generated="1560030077545" clover="3.2.0">
  <project timestamp="1560030077545" name="All files">
    <metrics statements="73" coveredstatements="52" conditionals="24" coveredconditionals="14" methods="9" coveredmethods="8" elements="106" coveredelements="74" complexity="0" loc="73" ncloc="73" packages="1" files="2" classes="2"/>
    <file name="linklist.js" path="/mnt/c/Users/Anthony's Travel PC/code-fellows/code-challenges/401/challenge 6/lib/linklist.js">
      <metrics statements="70" coveredstatements="49" conditionals="24" coveredconditionals="14" methods="8" coveredmethods="7"/>
      <line num="3" count="1" type="stmt"/>
      <line num="7" count="1" type="stmt"/>
      <line num="10" count="7" type="stmt"/>
      <line num="11" count="7" type="stmt"/>
      <line num="12" count="7" type="stmt"/>
      <line num="13" count="7" type="stmt"/>
      <line num="16" count="2" type="stmt"/>
      <line num="17" count="2" type="stmt"/>
      <line num="18" count="2" type="cond" truecount="1" falsecount="1"/>
      <line num="19" count="0" type="stmt"/>
      <line num="20" count="0" type="stmt"/>
      <line num="22" count="2" type="stmt"/>
      <line num="23" count="21" type="stmt"/>
      <line num="25" count="2" type="stmt"/>
      <line num="26" count="2" type="stmt"/>
      <line num="29" count="2" type="stmt"/>
      <line num="30" count="2" type="stmt"/>
      <line num="31" count="2" type="cond" truecount="1" falsecount="1"/>
      <line num="32" count="0" type="stmt"/>
      <line num="34" count="2" type="cond" truecount="1" falsecount="1"/>
      <line num="35" count="0" type="stmt"/>
      <line num="36" count="0" type="stmt"/>
      <line num="37" count="0" type="stmt"/>
      <line num="39" count="2" type="stmt"/>
      <line num="40" count="11" type="cond" truecount="2" falsecount="0"/>
      <line num="41" count="2" type="stmt"/>
      <line num="42" count="2" type="stmt"/>
      <line num="43" count="2" type="stmt"/>
      <line num="45" count="9" type="stmt"/>
      <line num="50" count="2" type="stmt"/>
      <line num="51" count="2" type="cond" truecount="1" falsecount="1"/>
      <line num="52" count="0" type="stmt"/>
      <line num="54" count="2" type="stmt"/>
      <line num="55" count="2" type="cond" truecount="1" falsecount="1"/>
      <line num="56" count="0" type="stmt"/>
      <line num="57" count="0" type="stmt"/>
      <line num="58" count="0" type="stmt"/>
      <line num="60" count="2" type="stmt"/>
      <line num="61" count="14" type="cond" truecount="2" falsecount="0"/>
      <line num="62" count="2" type="stmt"/>
      <line num="63" count="2" type="stmt"/>
      <line num="64" count="2" type="stmt"/>
      <line num="65" count="2" type="stmt"/>
      <line num="67" count="12" type="stmt"/>
      <line num="72" count="1" type="cond" truecount="1" falsecount="1"/>
      <line num="73" count="0" type="stmt"/>
      <line num="75" count="1" type="cond" truecount="1" falsecount="1"/>
      <line num="76" count="0" type="stmt"/>
      <line num="78" count="1" type="stmt"/>
      <line num="79" count="1" type="stmt"/>
      <line num="80" count="4" type="cond" truecount="2" falsecount="0"/>
      <line num="81" count="1" type="stmt"/>
      <line num="83" count="3" type="stmt"/>
      <line num="85" count="0" type="stmt"/>
      <line num="89" count="5" type="stmt"/>
      <line num="90" count="5" type="stmt"/>
      <line num="91" count="5" type="cond" truecount="1" falsecount="1"/>
      <line num="92" count="0" type="stmt"/>
      <line num="94" count="5" type="stmt"/>
      <line num="95" count="48" type="stmt"/>
      <line num="97" count="5" type="stmt"/>
      <line num="98" count="5" type="stmt"/>
      <line num="102" count="0" type="cond" truecount="0" falsecount="2"/>
      <line num="103" count="0" type="stmt"/>
      <line num="105" count="0" type="stmt"/>
      <line num="106" count="0" type="stmt"/>
      <line num="107" count="0" type="stmt"/>
      <line num="108" count="0" type="stmt"/>
      <line num="110" count="0" type="stmt"/>
      <line num="113" count="1" type="stmt"/>
    </file>
    <file name="node.js" path="/mnt/c/Users/Anthony's Travel PC/code-fellows/code-challenges/401/challenge 6/lib/node.js">
      <metrics statements="3" coveredstatements="3" conditionals="0" coveredconditionals="0" methods="1" coveredmethods="1"/>
      <line num="5" count="18" type="stmt"/>
      <line num="6" count="18" type="stmt"/>
      <line num="10" count="1" type="stmt"/>
    </file>
  </project>
</coverage>
