{"/mnt/c/Users/Anthony's Travel PC/code-fellows/code-challenges/401/challenge 6/lib/linklist.js": {"path":"/mnt/c/Users/Anthony's Travel PC/code-fellows/code-challenges/401/challenge 6/lib/linklist.js","statementMap":{"0":{"start":{"line":3,"column":12},"end":{"line":3,"column":29}},"1":{"start":{"line":7,"column":4},"end":{"line":7,"column":20}},"2":{"start":{"line":10,"column":19},"end":{"line":10,"column":34}},"3":{"start":{"line":11,"column":4},"end":{"line":11,"column":28}},"4":{"start":{"line":12,"column":4},"end":{"line":12,"column":23}},"5":{"start":{"line":13,"column":4},"end":{"line":13,"column":36}},"6":{"start":{"line":16,"column":19},"end":{"line":16,"column":34}},"7":{"start":{"line":17,"column":17},"end":{"line":17,"column":26}},"8":{"start":{"line":18,"column":4},"end":{"line":21,"column":5}},"9":{"start":{"line":19,"column":6},"end":{"line":19,"column":23}},"10":{"start":{"line":20,"column":6},"end":{"line":20,"column":13}},"11":{"start":{"line":22,"column":4},"end":{"line":24,"column":5}},"12":{"start":{"line":23,"column":6},"end":{"line":23,"column":28}},"13":{"start":{"line":25,"column":4},"end":{"line":25,"column":26}},"14":{"start":{"line":26,"column":4},"end":{"line":26,"column":37}},"15":{"start":{"line":29,"column":17},"end":{"line":29,"column":33}},"16":{"start":{"line":30,"column":17},"end":{"line":30,"column":26}},"17":{"start":{"line":31,"column":4},"end":{"line":33,"column":5}},"18":{"start":{"line":32,"column":6},"end":{"line":32,"column":56}},"19":{"start":{"line":34,"column":4},"end":{"line":47,"column":5}},"20":{"start":{"line":35,"column":6},"end":{"line":35,"column":23}},"21":{"start":{"line":36,"column":6},"end":{"line":36,"column":30}},"22":{"start":{"line":37,"column":6},"end":{"line":37,"column":38}},"23":{"start":{"line":39,"column":6},"end":{"line":46,"column":7}},"24":{"start":{"line":40,"column":8},"end":{"line":44,"column":9}},"25":{"start":{"line":41,"column":10},"end":{"line":41,"column":37}},"26":{"start":{"line":42,"column":10},"end":{"line":42,"column":32}},"27":{"start":{"line":43,"column":10},"end":{"line":43,"column":50}},"28":{"start":{"line":45,"column":8},"end":{"line":45,"column":30}},"29":{"start":{"line":50,"column":19},"end":{"line":50,"column":36}},"30":{"start":{"line":51,"column":4},"end":{"line":53,"column":5}},"31":{"start":{"line":52,"column":6},"end":{"line":52,"column":56}},"32":{"start":{"line":54,"column":17},"end":{"line":54,"column":26}},"33":{"start":{"line":55,"column":4},"end":{"line":69,"column":5}},"34":{"start":{"line":56,"column":6},"end":{"line":56,"column":33}},"35":{"start":{"line":57,"column":6},"end":{"line":57,"column":28}},"36":{"start":{"line":58,"column":6},"end":{"line":58,"column":40}},"37":{"start":{"line":60,"column":6},"end":{"line":68,"column":7}},"38":{"start":{"line":61,"column":8},"end":{"line":66,"column":9}},"39":{"start":{"line":62,"column":10},"end":{"line":62,"column":32}},"40":{"start":{"line":63,"column":10},"end":{"line":63,"column":37}},"41":{"start":{"line":64,"column":10},"end":{"line":64,"column":32}},"42":{"start":{"line":65,"column":10},"end":{"line":65,"column":49}},"43":{"start":{"line":67,"column":8},"end":{"line":67,"column":30}},"44":{"start":{"line":72,"column":4},"end":{"line":74,"column":5}},"45":{"start":{"line":73,"column":6},"end":{"line":73,"column":55}},"46":{"start":{"line":75,"column":4},"end":{"line":86,"column":5}},"47":{"start":{"line":76,"column":6},"end":{"line":76,"column":67}},"48":{"start":{"line":78,"column":19},"end":{"line":78,"column":28}},"49":{"start":{"line":79,"column":6},"end":{"line":84,"column":7}},"50":{"start":{"line":80,"column":8},"end":{"line":82,"column":9}},"51":{"start":{"line":81,"column":10},"end":{"line":81,"column":57}},"52":{"start":{"line":83,"column":8},"end":{"line":83,"column":30}},"53":{"start":{"line":85,"column":6},"end":{"line":85,"column":18}},"54":{"start":{"line":89,"column":19},"end":{"line":89,"column":34}},"55":{"start":{"line":90,"column":17},"end":{"line":90,"column":26}},"56":{"start":{"line":91,"column":4},"end":{"line":99,"column":5}},"57":{"start":{"line":92,"column":6},"end":{"line":92,"column":25}},"58":{"start":{"line":94,"column":6},"end":{"line":96,"column":7}},"59":{"start":{"line":95,"column":8},"end":{"line":95,"column":30}},"60":{"start":{"line":97,"column":6},"end":{"line":97,"column":28}},"61":{"start":{"line":98,"column":6},"end":{"line":98,"column":30}},"62":{"start":{"line":102,"column":4},"end":{"line":104,"column":5}},"63":{"start":{"line":103,"column":6},"end":{"line":103,"column":55}},"64":{"start":{"line":105,"column":17},"end":{"line":105,"column":26}},"65":{"start":{"line":106,"column":4},"end":{"line":109,"column":5}},"66":{"start":{"line":107,"column":6},"end":{"line":107,"column":52}},"67":{"start":{"line":108,"column":6},"end":{"line":108,"column":28}},"68":{"start":{"line":110,"column":4},"end":{"line":110,"column":16}},"69":{"start":{"line":113,"column":0},"end":{"line":113,"column":25}}},"fnMap":{"0":{"name":"(anonymous_0)","decl":{"start":{"line":6,"column":2},"end":{"line":6,"column":3}},"loc":{"start":{"line":6,"column":15},"end":{"line":8,"column":3}},"line":6},"1":{"name":"(anonymous_1)","decl":{"start":{"line":9,"column":2},"end":{"line":9,"column":3}},"loc":{"start":{"line":9,"column":25},"end":{"line":14,"column":3}},"line":9},"2":{"name":"(anonymous_2)","decl":{"start":{"line":15,"column":2},"end":{"line":15,"column":3}},"loc":{"start":{"line":15,"column":25},"end":{"line":27,"column":3}},"line":15},"3":{"name":"(anonymous_3)","decl":{"start":{"line":28,"column":2},"end":{"line":28,"column":3}},"loc":{"start":{"line":28,"column":29},"end":{"line":48,"column":3}},"line":28},"4":{"name":"(anonymous_4)","decl":{"start":{"line":49,"column":2},"end":{"line":49,"column":3}},"loc":{"start":{"line":49,"column":28},"end":{"line":70,"column":3}},"line":49},"5":{"name":"(anonymous_5)","decl":{"start":{"line":71,"column":2},"end":{"line":71,"column":3}},"loc":{"start":{"line":71,"column":13},"end":{"line":87,"column":3}},"line":71},"6":{"name":"(anonymous_6)","decl":{"start":{"line":88,"column":2},"end":{"line":88,"column":3}},"loc":{"start":{"line":88,"column":15},"end":{"line":100,"column":3}},"line":88},"7":{"name":"(anonymous_7)","decl":{"start":{"line":101,"column":2},"end":{"line":101,"column":3}},"loc":{"start":{"line":101,"column":18},"end":{"line":111,"column":3}},"line":101}},"branchMap":{"0":{"loc":{"start":{"line":18,"column":4},"end":{"line":21,"column":5}},"type":"if","locations":[{"start":{"line":18,"column":4},"end":{"line":21,"column":5}},{"start":{"line":18,"column":4},"end":{"line":21,"column":5}}],"line":18},"1":{"loc":{"start":{"line":31,"column":4},"end":{"line":33,"column":5}},"type":"if","locations":[{"start":{"line":31,"column":4},"end":{"line":33,"column":5}},{"start":{"line":31,"column":4},"end":{"line":33,"column":5}}],"line":31},"2":{"loc":{"start":{"line":34,"column":4},"end":{"line":47,"column":5}},"type":"if","locations":[{"start":{"line":34,"column":4},"end":{"line":47,"column":5}},{"start":{"line":34,"column":4},"end":{"line":47,"column":5}}],"line":34},"3":{"loc":{"start":{"line":40,"column":8},"end":{"line":44,"column":9}},"type":"if","locations":[{"start":{"line":40,"column":8},"end":{"line":44,"column":9}},{"start":{"line":40,"column":8},"end":{"line":44,"column":9}}],"line":40},"4":{"loc":{"start":{"line":51,"column":4},"end":{"line":53,"column":5}},"type":"if","locations":[{"start":{"line":51,"column":4},"end":{"line":53,"column":5}},{"start":{"line":51,"column":4},"end":{"line":53,"column":5}}],"line":51},"5":{"loc":{"start":{"line":55,"column":4},"end":{"line":69,"column":5}},"type":"if","locations":[{"start":{"line":55,"column":4},"end":{"line":69,"column":5}},{"start":{"line":55,"column":4},"end":{"line":69,"column":5}}],"line":55},"6":{"loc":{"start":{"line":61,"column":8},"end":{"line":66,"column":9}},"type":"if","locations":[{"start":{"line":61,"column":8},"end":{"line":66,"column":9}},{"start":{"line":61,"column":8},"end":{"line":66,"column":9}}],"line":61},"7":{"loc":{"start":{"line":72,"column":4},"end":{"line":74,"column":5}},"type":"if","locations":[{"start":{"line":72,"column":4},"end":{"line":74,"column":5}},{"start":{"line":72,"column":4},"end":{"line":74,"column":5}}],"line":72},"8":{"loc":{"start":{"line":75,"column":4},"end":{"line":86,"column":5}},"type":"if","locations":[{"start":{"line":75,"column":4},"end":{"line":86,"column":5}},{"start":{"line":75,"column":4},"end":{"line":86,"column":5}}],"line":75},"9":{"loc":{"start":{"line":80,"column":8},"end":{"line":82,"column":9}},"type":"if","locations":[{"start":{"line":80,"column":8},"end":{"line":82,"column":9}},{"start":{"line":80,"column":8},"end":{"line":82,"column":9}}],"line":80},"10":{"loc":{"start":{"line":91,"column":4},"end":{"line":99,"column":5}},"type":"if","locations":[{"start":{"line":91,"column":4},"end":{"line":99,"column":5}},{"start":{"line":91,"column":4},"end":{"line":99,"column":5}}],"line":91},"11":{"loc":{"start":{"line":102,"column":4},"end":{"line":104,"column":5}},"type":"if","locations":[{"start":{"line":102,"column":4},"end":{"line":104,"column":5}},{"start":{"line":102,"column":4},"end":{"line":104,"column":5}}],"line":102}},"s":{"0":1,"1":1,"2":7,"3":7,"4":7,"5":7,"6":2,"7":2,"8":2,"9":0,"10":0,"11":2,"12":21,"13":2,"14":2,"15":2,"16":2,"17":2,"18":0,"19":2,"20":0,"21":0,"22":0,"23":2,"24":11,"25":2,"26":2,"27":2,"28":9,"29":2,"30":2,"31":0,"32":2,"33":2,"34":0,"35":0,"36":0,"37":2,"38":14,"39":2,"40":2,"41":2,"42":2,"43":12,"44":1,"45":0,"46":1,"47":0,"48":1,"49":1,"50":4,"51":1,"52":3,"53":0,"54":5,"55":5,"56":5,"57":0,"58":5,"59":48,"60":5,"61":5,"62":0,"63":0,"64":0,"65":0,"66":0,"67":0,"68":0,"69":1},"f":{"0":1,"1":7,"2":2,"3":2,"4":2,"5":1,"6":5,"7":0},"b":{"0":[0,2],"1":[0,2],"2":[0,2],"3":[2,9],"4":[0,2],"5":[0,2],"6":[2,12],"7":[0,1],"8":[0,1],"9":[1,3],"10":[0,5],"11":[0,0]},"_coverageSchema":"43e27e138ebf9cfc5966b082cf9a028302ed4184","hash":"8412e9bb88873c463bd373ad2a435a94a7dbed56"}
,"/mnt/c/Users/Anthony's Travel PC/code-fellows/code-challenges/401/challenge 6/lib/node.js": {"path":"/mnt/c/Users/Anthony's Travel PC/code-fellows/code-challenges/401/challenge 6/lib/node.js","statementMap":{"0":{"start":{"line":5,"column":4},"end":{"line":5,"column":23}},"1":{"start":{"line":6,"column":4},"end":{"line":6,"column":21}},"2":{"start":{"line":10,"column":0},"end":{"line":10,"column":22}}},"fnMap":{"0":{"name":"(anonymous_0)","decl":{"start":{"line":4,"column":2},"end":{"line":4,"column":3}},"loc":{"start":{"line":4,"column":21},"end":{"line":7,"column":3}},"line":4}},"branchMap":{},"s":{"0":18,"1":18,"2":1},"f":{"0":18},"b":{},"_coverageSchema":"43e27e138ebf9cfc5966b082cf9a028302ed4184","hash":"e9486a2da0d493a40094d1b42e0dcd68091a9e36"}
}
