TN:
SF:/mnt/c/Users/Anthony's Travel PC/code-fellows/code-challenges/401/challenge 6/lib/linklist.js
FN:6,(anonymous_0)
FN:9,(anonymous_1)
FN:15,(anonymous_2)
FN:28,(anonymous_3)
FN:49,(anonymous_4)
FN:71,(anonymous_5)
FN:88,(anonymous_6)
FN:101,(anonymous_7)
FNF:8
FNH:7
FNDA:1,(anonymous_0)
FNDA:7,(anonymous_1)
FNDA:2,(anonymous_2)
FNDA:2,(anonymous_3)
FNDA:2,(anonymous_4)
FNDA:1,(anonymous_5)
FNDA:5,(anonymous_6)
FNDA:0,(anonymous_7)
DA:3,1
DA:7,1
DA:10,7
DA:11,7
DA:12,7
DA:13,7
DA:16,2
DA:17,2
DA:18,2
DA:19,0
DA:20,0
DA:22,2
DA:23,21
DA:25,2
DA:26,2
DA:29,2
DA:30,2
DA:31,2
DA:32,0
DA:34,2
DA:35,0
DA:36,0
DA:37,0
DA:39,2
DA:40,11
DA:41,2
DA:42,2
DA:43,2
DA:45,9
DA:50,2
DA:51,2
DA:52,0
DA:54,2
DA:55,2
DA:56,0
DA:57,0
DA:58,0
DA:60,2
DA:61,14
DA:62,2
DA:63,2
DA:64,2
DA:65,2
DA:67,12
DA:72,1
DA:73,0
DA:75,1
DA:76,0
DA:78,1
DA:79,1
DA:80,4
DA:81,1
DA:83,3
DA:85,0
DA:89,5
DA:90,5
DA:91,5
DA:92,0
DA:94,5
DA:95,48
DA:97,5
DA:98,5
DA:102,0
DA:103,0
DA:105,0
DA:106,0
DA:107,0
DA:108,0
DA:110,0
DA:113,1
LF:70
LH:49
BRDA:18,0,0,0
BRDA:18,0,1,2
BRDA:31,1,0,0
BRDA:31,1,1,2
BRDA:34,2,0,0
BRDA:34,2,1,2
BRDA:40,3,0,2
BRDA:40,3,1,9
BRDA:51,4,0,0
BRDA:51,4,1,2
BRDA:55,5,0,0
BRDA:55,5,1,2
BRDA:61,6,0,2
BRDA:61,6,1,12
BRDA:72,7,0,0
BRDA:72,7,1,1
BRDA:75,8,0,0
BRDA:75,8,1,1
BRDA:80,9,0,1
BRDA:80,9,1,3
BRDA:91,10,0,0
BRDA:91,10,1,5
BRDA:102,11,0,0
BRDA:102,11,1,0
BRF:24
BRH:14
end_of_record
TN:
SF:/mnt/c/Users/Anthony's Travel PC/code-fellows/code-challenges/401/challenge 6/lib/node.js
FN:4,(anonymous_0)
FNF:1
FNH:1
FNDA:18,(anonymous_0)
DA:5,18
DA:6,18
DA:10,1
LF:3
LH:3
BRF:0
BRH:0
end_of_record
